<?xml version="1.0" encoding="UTF-8"?>
<!-- Generated by org.testng.reporters.JUnitReportReporter -->
<testsuite hostname="Kajol" failures="0" tests="1" name="com.qa.herokuapp.tests.BrokenImagesTest" time="1.086" errors="0" timestamp="2025-02-07T19:25:54 IST" skipped="0">
  <testcase classname="com.qa.herokuapp.tests.BrokenImagesTest" name="brokenImageTest" time="1.086"/>
</testsuite> <!-- com.qa.herokuapp.tests.BrokenImagesTest -->
