<?xml version="1.0" encoding="UTF-8"?>
<!-- Generated by org.testng.reporters.JUnitReportReporter -->
<testsuite hostname="Kajol" failures="0" tests="1" name="com.qa.herokuapp.tests.FileDownloadTest" time="36.442" errors="0" timestamp="2025-02-07T19:24:56 IST" skipped="0">
  <testcase classname="com.qa.herokuapp.tests.FileDownloadTest" name="testFileDownload" time="36.442"/>
</testsuite> <!-- com.qa.herokuapp.tests.FileDownloadTest -->
