<?xml version="1.0" encoding="UTF-8"?>
<!-- Generated by org.testng.reporters.JUnitReportReporter -->
<testsuite hostname="Mandvi" failures="0" tests="1" name="com.qa.herokuapp.tests.DropdownTest" time="1.034" errors="0" timestamp="2025-01-03T19:59:54 IST" skipped="0">
  <testcase classname="com.qa.herokuapp.tests.DropdownTest" name="validateDropdownValues" time="1.034"/>
</testsuite> <!-- com.qa.herokuapp.tests.DropdownTest -->
