<?xml version="1.0" encoding="UTF-8"?>
<!-- Generated by org.testng.reporters.JUnitReportReporter -->
<testsuite hostname="Mandvi" failures="0" tests="1" name="com.qa.herokuapp.tests.DynamicContentTest" time="1.733" errors="0" timestamp="2025-01-06T17:56:47 IST" skipped="0">
  <testcase classname="com.qa.herokuapp.tests.DynamicContentTest" name="validateDropdownValues" time="1.733"/>
</testsuite> <!-- com.qa.herokuapp.tests.DynamicContentTest -->
