<?xml version="1.0" encoding="UTF-8"?>
<!-- Generated by org.testng.reporters.JUnitReportReporter -->
<testsuite hostname="Mandvi" failures="0" tests="1" name="com.qa.herokuapp.tests.HandleDisappearingElementsTest" time="14.844" errors="0" timestamp="2025-01-03T18:10:44 IST" skipped="0">
  <testcase classname="com.qa.herokuapp.tests.HandleDisappearingElementsTest" name="validateDisappearingElement" time="14.844"/>
</testsuite> <!-- com.qa.herokuapp.tests.HandleDisappearingElementsTest -->
