<?xml version="1.0" encoding="UTF-8"?>
<!-- Generated by org.testng.reporters.JUnitReportReporter -->
<testsuite hostname="Kajol" failures="0" tests="1" name="com.qa.herokuapp.tests.ExitIntentTest" time="4.700" errors="0" timestamp="2025-02-05T21:37:07 IST" skipped="0">
  <testcase classname="com.qa.herokuapp.tests.ExitIntentTest" name="testExitIntent" time="4.700"/>
</testsuite> <!-- com.qa.herokuapp.tests.ExitIntentTest -->
