<?xml version="1.0" encoding="UTF-8"?>
<!-- Generated by org.testng.reporters.JUnitReportReporter -->
<testsuite hostname="Mandvi" failures="0" tests="2" name="com.qa.herokuapp.tests.LoginTest" time="0.000" errors="0" timestamp="2025-01-02T08:25:43 IST" skipped="2">
  <testcase classname="com.qa.herokuapp.tests.LoginTest" name="invalidLogin" time="0.000">
    <skipped/>
  </testcase> <!-- invalidLogin -->
  <testcase classname="com.qa.herokuapp.tests.LoginTest" name="validLogin" time="0.000">
    <skipped/>
  </testcase> <!-- validLogin -->
</testsuite> <!-- com.qa.herokuapp.tests.LoginTest -->
