<?xml version="1.0" encoding="UTF-8"?>
<!-- Generated by org.testng.reporters.JUnitReportReporter -->
<testsuite hostname="Kajol" failures="0" tests="1" name="com.qa.herokuapp.tests.DigestAuthenticationTest" time="6.008" errors="0" timestamp="2025-02-06T20:30:28 IST" skipped="0">
  <testcase classname="com.qa.herokuapp.tests.DigestAuthenticationTest" name="validDigestAuthLogin" time="6.008"/>
</testsuite> <!-- com.qa.herokuapp.tests.DigestAuthenticationTest -->
