<?xml version="1.0" encoding="UTF-8"?>
<!-- Generated by org.testng.reporters.JUnitReportReporter -->
<testsuite hostname="Mandvi" failures="0" tests="1" name="com.qa.herokuapp.tests.HandleDynamicWebElementsTest" time="38.790" errors="0" timestamp="2025-01-02T21:59:09 IST" skipped="0">
  <testcase classname="com.qa.herokuapp.tests.HandleDynamicWebElementsTest" name="handleDynamicElement" time="38.790"/>
</testsuite> <!-- com.qa.herokuapp.tests.HandleDynamicWebElementsTest -->
