<?xml version="1.0" encoding="UTF-8"?>
<!-- Generated by org.testng.reporters.JUnitReportReporter -->
<testsuite hostname="Kajol" failures="0" tests="1" name="com.qa.herokuapp.tests.EntryAdTest" time="2.908" errors="0" timestamp="2025-02-05T18:05:52 IST" skipped="0">
  <testcase classname="com.qa.herokuapp.tests.EntryAdTest" name="testCloseModal" time="2.908"/>
</testsuite> <!-- com.qa.herokuapp.tests.EntryAdTest -->
