<?xml version="1.0" encoding="UTF-8"?>
<!-- Generated by org.testng.reporters.JUnitReportReporter -->
<testsuite hostname="Mandvi" failures="0" tests="1" name="com.qa.herokuapp.tests.HandleCheckboxesTest" time="0.821" errors="0" timestamp="2025-01-02T12:28:33 IST" skipped="0">
  <testcase classname="com.qa.herokuapp.tests.HandleCheckboxesTest" name="testClickingCheckboes" time="0.821"/>
</testsuite> <!-- com.qa.herokuapp.tests.HandleCheckboxesTest -->
