<?xml version="1.0" encoding="UTF-8"?>
<!-- Generated by org.testng.reporters.JUnitReportReporter -->
<testsuite hostname="Kajol" failures="0" tests="2" name="com.qa.herokuapp.tests.FileUploadTest" time="2.193" errors="0" timestamp="2025-02-08T11:11:34 IST" skipped="0">
  <testcase classname="com.qa.herokuapp.tests.FileUploadTest" name="testFileDownload" time="1.910"/>
  <testcase classname="com.qa.herokuapp.tests.FileUploadTest" name="testDragAndDropFileUpload" time="0.283"/>
</testsuite> <!-- com.qa.herokuapp.tests.FileUploadTest -->
