<?xml version="1.0" encoding="UTF-8"?>
<!-- Generated by org.testng.reporters.JUnitReportReporter -->
<testsuite hostname="Kajol" failures="0" tests="1" name="com.qa.herokuapp.tests.DynamicLoadingTest" time="16.596" errors="0" timestamp="2025-02-04T21:20:01 IST" skipped="0">
  <testcase classname="com.qa.herokuapp.tests.DynamicLoadingTest" name="testDynamicLoading" time="16.596"/>
</testsuite> <!-- com.qa.herokuapp.tests.DynamicLoadingTest -->
