<?xml version="1.0" encoding="UTF-8"?>
<!-- Generated by org.testng.reporters.JUnitReportReporter -->
<testsuite hostname="Kajol" failures="0" tests="1" name="com.qa.herokuapp.tests.DropdownTest" time="1.432" errors="0" timestamp="2025-02-06T20:43:14 IST" skipped="0">
  <testcase classname="com.qa.herokuapp.tests.DropdownTest" name="validateDropdownValues" time="1.432"/>
</testsuite> <!-- com.qa.herokuapp.tests.DropdownTest -->
