<?xml version="1.0" encoding="UTF-8"?>
<!-- Generated by org.testng.reporters.JUnitReportReporter -->
<testsuite hostname="Mandvi" failures="0" tests="1" name="com.qa.herokuapp.tests.DigestAuthenticationTest" time="9.435" errors="0" timestamp="2025-01-04T15:33:12 IST" skipped="0">
  <testcase classname="com.qa.herokuapp.tests.DigestAuthenticationTest" name="validDigestAuthLogin" time="9.435"/>
</testsuite> <!-- com.qa.herokuapp.tests.DigestAuthenticationTest -->
