<?xml version="1.0" encoding="UTF-8"?>
<!-- Generated by org.testng.reporters.JUnitReportReporter -->
<testsuite hostname="Mandvi" failures="0" tests="1" name="com.qa.herokuapp.tests.HandleDigestAuthenticationTest" time="6.347" errors="0" timestamp="2025-01-03T00:31:50 IST" skipped="0">
  <testcase classname="com.qa.herokuapp.tests.HandleDigestAuthenticationTest" name="validDigestAuthLogin" time="6.347"/>
</testsuite> <!-- com.qa.herokuapp.tests.HandleDigestAuthenticationTest -->
