<?xml version="1.0" encoding="UTF-8"?>
<!-- Generated by org.testng.reporters.JUnitReportReporter -->
<testsuite hostname="Mandvi" failures="0" tests="1" name="com.qa.herokuapp.tests.HandleContextMenuTest" time="2.945" errors="0" timestamp="2025-01-02T21:48:50 IST" skipped="0">
  <testcase classname="com.qa.herokuapp.tests.HandleContextMenuTest" name="testRightClickOnContextMenuBox" time="2.945"/>
</testsuite> <!-- com.qa.herokuapp.tests.HandleContextMenuTest -->
