<?xml version="1.0" encoding="UTF-8"?>
<!-- Generated by org.testng.reporters.JUnitReportReporter -->
<testsuite hostname="Kajol" failures="0" tests="1" name="com.qa.herokuapp.tests.DynamicControlsTest" time="35.590" errors="0" timestamp="2025-02-04T20:26:46 IST" skipped="0">
  <testcase classname="com.qa.herokuapp.tests.DynamicControlsTest" name="testDynamicControls" time="35.590"/>
</testsuite> <!-- com.qa.herokuapp.tests.DynamicControlsTest -->
