<?xml version="1.0" encoding="UTF-8"?>
<!-- Generated by org.testng.reporters.JUnitReportReporter -->
<testsuite hostname="Kajol" failures="0" tests="1" name="com.qa.herokuapp.tests.BrokenImagesTest" time="0.966" errors="0" timestamp="2025-01-27T17:34:36 IST" skipped="0">
  <testcase classname="com.qa.herokuapp.tests.BrokenImagesTest" name="brokenImageTest" time="0.966"/>
</testsuite> <!-- com.qa.herokuapp.tests.BrokenImagesTest -->
