<?xml version="1.0" encoding="UTF-8"?>
<!-- Generated by org.testng.reporters.JUnitReportReporter -->
<testsuite hostname="Kajol" failures="0" tests="1" name="com.qa.herokuapp.tests.DynamicWebElementsTest" time="5.049" errors="0" timestamp="2025-02-06T20:53:23 IST" skipped="0">
  <testcase classname="com.qa.herokuapp.tests.DynamicWebElementsTest" name="handleDynamicElement" time="5.049"/>
</testsuite> <!-- com.qa.herokuapp.tests.DynamicWebElementsTest -->
