<?xml version="1.0" encoding="UTF-8"?>
<!-- Generated by org.testng.reporters.JUnitReportReporter -->
<testsuite hostname="Kajol" failures="0" tests="1" name="com.qa.herokuapp.tests.DynamicContentTest" time="2.940" errors="0" timestamp="2025-01-27T23:20:41 IST" skipped="0">
  <testcase classname="com.qa.herokuapp.tests.DynamicContentTest" name="validateDropdownChange" time="2.940"/>
</testsuite> <!-- com.qa.herokuapp.tests.DynamicContentTest -->
