<?xml version="1.0" encoding="UTF-8"?>
<!-- Generated by org.testng.reporters.JUnitReportReporter -->
<testsuite hostname="Kajol" failures="0" tests="1" name="com.qa.herokuapp.tests.DragAndDropTest" time="1.500" errors="0" timestamp="2025-02-06T20:39:37 IST" skipped="0">
  <testcase classname="com.qa.herokuapp.tests.DragAndDropTest" name="testDragAndDrop" time="1.500"/>
</testsuite> <!-- com.qa.herokuapp.tests.DragAndDropTest -->
