<?xml version="1.0" encoding="UTF-8"?>
<!-- Generated by org.testng.reporters.JUnitReportReporter -->
<testsuite hostname="Kajol" failures="0" tests="1" name="com.qa.herokuapp.tests.ExitIntentTest" time="4.639" errors="0" timestamp="2025-02-05T21:15:24 IST" skipped="0">
  <testcase classname="com.qa.herokuapp.tests.ExitIntentTest" name="testExitIntent" time="4.639"/>
</testsuite> <!-- com.qa.herokuapp.tests.ExitIntentTest -->
