<?xml version="1.0" encoding="UTF-8"?>
<!-- Generated by org.testng.reporters.JUnitReportReporter -->
<testsuite hostname="Kajol" failures="0" tests="1" name="com.qa.herokuapp.tests.CheckboxesTest" time="0.890" errors="0" timestamp="2025-02-06T20:20:35 IST" skipped="0">
  <testcase classname="com.qa.herokuapp.tests.CheckboxesTest" name="testClickingCheckboes" time="0.890"/>
</testsuite> <!-- com.qa.herokuapp.tests.CheckboxesTest -->
