<?xml version="1.0" encoding="UTF-8"?>
<!-- Generated by org.testng.reporters.JUnitReportReporter -->
<testsuite hostname="Kajol" failures="0" tests="1" name="com.qa.herokuapp.tests.ContextMenuTest" time="2.872" errors="0" timestamp="2025-02-06T20:24:51 IST" skipped="0">
  <testcase classname="com.qa.herokuapp.tests.ContextMenuTest" name="testRightClickOnContextMenuBox" time="2.872"/>
</testsuite> <!-- com.qa.herokuapp.tests.ContextMenuTest -->
