<?xml version="1.0" encoding="UTF-8"?>
<!-- Generated by org.testng.reporters.JUnitReportReporter -->
<testsuite hostname="Kajol" failures="0" tests="2" name="com.qa.herokuapp.tests.AddRemoveElementsTest" time="21.306" errors="0" timestamp="2025-02-06T20:01:57 IST" skipped="0">
  <testcase classname="com.qa.herokuapp.tests.AddRemoveElementsTest" name="addElement" time="0.247"/>
  <testcase classname="com.qa.herokuapp.tests.AddRemoveElementsTest" name="addDeleteElement" time="21.059"/>
</testsuite> <!-- com.qa.herokuapp.tests.AddRemoveElementsTest -->
