<?xml version="1.0" encoding="UTF-8"?>
<!-- Generated by org.testng.reporters.JUnitReportReporter -->
<testsuite hostname="Mandvi" failures="0" tests="1" name="com.qa.herokuapp.tests.DragAndDropTest" time="1.125" errors="0" timestamp="2025-01-03T19:17:24 IST" skipped="0">
  <testcase classname="com.qa.herokuapp.tests.DragAndDropTest" name="testDragAndDrop" time="1.125"/>
</testsuite> <!-- com.qa.herokuapp.tests.DragAndDropTest -->
