<?xml version="1.0" encoding="UTF-8"?>
<!-- Generated by org.testng.reporters.JUnitReportReporter -->
<testsuite hostname="Kajol" failures="0" tests="2" name="com.qa.herokuapp.tests.BasicAuthLoginTest" time="3.240" errors="0" timestamp="2025-02-06T10:42:52 IST" skipped="0">
  <testcase classname="com.qa.herokuapp.tests.BasicAuthLoginTest" name="validLogin" time="0.645"/>
  <testcase classname="com.qa.herokuapp.tests.BasicAuthLoginTest" name="invalidLogin" time="2.595"/>
</testsuite> <!-- com.qa.herokuapp.tests.BasicAuthLoginTest -->
