<?xml version="1.0" encoding="UTF-8"?>
<!-- Generated by org.testng.reporters.JUnitReportReporter -->
<testsuite hostname="Mandvi" failures="0" tests="1" name="com.qa.herokuapp.pages.BrokenImagesTest" time="0.000" errors="0" timestamp="2025-01-02T08:25:43 IST" skipped="1">
  <testcase classname="com.qa.herokuapp.pages.BrokenImagesTest" name="brokenImageTest" time="0.000">
    <skipped/>
  </testcase> <!-- brokenImageTest -->
</testsuite> <!-- com.qa.herokuapp.pages.BrokenImagesTest -->
